<?xml version="1.0" encoding="UTF-8"?>
<!-- Generated by org.testng.reporters.JUnitReportReporter -->
<testsuite skipped="0" hostname="user-PC" name="Programs.PageObject" tests="1" failures="0" timestamp="12 Sep 2018 04:50:17 GMT" time="81.758" errors="0">
  <testcase name="login" time="81.758" classname="Programs.PageObject"/>
</testsuite> <!-- Programs.PageObject -->
